2026-04-25T03:46:41.050173Z  INFO tailwindcss_oxide::scanner: Provided sources:
2026-04-25T03:46:41.050451Z  INFO tailwindcss_oxide::scanner: Source: PublicSourceEntry { base: "C:\\Users\\yuyal\\study-stats-frontend", pattern: "**/*", negated: false }
2026-04-25T03:46:41.051466Z  INFO tailwindcss_oxide::scanner: Optimized sources:
2026-04-25T03:46:41.051576Z  INFO tailwindcss_oxide::scanner: Source: Auto { base: "C:\\Users\\yuyal\\study-stats-frontend" }
2026-04-25T03:46:41.055803Z  INFO discover_sources: tailwindcss_oxide::scanner: enter
2026-04-25T03:46:41.055923Z  INFO discover_sources:walk_synchronous: tailwindcss_oxide::scanner: enter
2026-04-25T03:46:41.087224Z  INFO discover_sources:walk_synchronous: tailwindcss_oxide::scanner: exit
2026-04-25T03:46:41.088575Z  INFO tailwindcss_oxide::scanner: Reading "C:\\Users\\yuyal\\study-stats-frontend\\app\\(authenticated)\\dashboard\\layout.tsx"
2026-04-25T03:46:41.088606Z  INFO tailwindcss_oxide::scanner: Reading "C:\\Users\\yuyal\\study-stats-frontend\\app\\components\\footer.tsx"
2026-04-25T03:46:41.088717Z  INFO tailwindcss_oxide::scanner: Reading "C:\\Users\\yuyal\\study-stats-frontend\\package.json"
2026-04-25T03:46:41.089001Z  INFO tailwindcss_oxide::scanner: Reading "C:\\Users\\yuyal\\study-stats-frontend\\postcss.config.mjs"
2026-04-25T03:46:41.089014Z  INFO tailwindcss_oxide::scanner: Reading "C:\\Users\\yuyal\\study-stats-frontend\\app\\(authenticated)\\logs\\page.tsx"
2026-04-25T03:46:41.089007Z  INFO tailwindcss_oxide::scanner: Reading "C:\\Users\\yuyal\\study-stats-frontend\\app\\components\\header.tsx"
2026-04-25T03:46:41.089130Z  INFO tailwindcss_oxide::scanner: Reading "C:\\Users\\yuyal\\study-stats-frontend\\app\\(authenticated)\\dashboard\\page.tsx"
2026-04-25T03:46:41.089270Z  INFO tailwindcss_oxide::scanner: Reading "C:\\Users\\yuyal\\study-stats-frontend\\public\\file.svg"
2026-04-25T03:46:41.089340Z  INFO tailwindcss_oxide::scanner: Reading "C:\\Users\\yuyal\\study-stats-frontend\\app\\(authenticated)\\stats\\page.tsx"
2026-04-25T03:46:41.089399Z  INFO tailwindcss_oxide::scanner: Reading "C:\\Users\\yuyal\\study-stats-frontend\\app\\(authenticated)\\dashboard\\projects\\page.tsx"
2026-04-25T03:46:41.089415Z  INFO tailwindcss_oxide::scanner: Reading "C:\\Users\\yuyal\\study-stats-frontend\\app\\components\\menuDocs.tsx"
2026-04-25T03:46:41.089439Z  INFO tailwindcss_oxide::scanner: Reading "C:\\Users\\yuyal\\study-stats-frontend\\public\\next.svg"
2026-04-25T03:46:41.089533Z  INFO tailwindcss_oxide::scanner: Reading "C:\\Users\\yuyal\\study-stats-frontend\\public\\globe.svg"
2026-04-25T03:46:41.089586Z  INFO tailwindcss_oxide::scanner: Reading "C:\\Users\\yuyal\\study-stats-frontend\\app\\(authenticated)\\dashboard\\records\\page.tsx"
2026-04-25T03:46:41.089607Z  INFO tailwindcss_oxide::scanner: Reading "C:\\Users\\yuyal\\study-stats-frontend\\app\\(public)\\about\\page.tsx"
2026-04-25T03:46:41.089664Z  INFO tailwindcss_oxide::scanner: Reading "C:\\Users\\yuyal\\study-stats-frontend\\app\\components\\sideMenu.tsx"
2026-04-25T03:46:41.089680Z  INFO tailwindcss_oxide::scanner: Reading "C:\\Users\\yuyal\\study-stats-frontend\\public\\vercel.svg"
2026-04-25T03:46:41.089725Z  INFO tailwindcss_oxide::scanner: Reading "C:\\Users\\yuyal\\study-stats-frontend\\app\\(authenticated)\\dashboard\\today\\page.tsx"
2026-04-25T03:46:41.089655Z  INFO tailwindcss_oxide::scanner: Reading "C:\\Users\\yuyal\\study-stats-frontend\\app\\components\\userHeader.tsx"
2026-04-25T03:46:41.089777Z  INFO tailwindcss_oxide::scanner: Reading "C:\\Users\\yuyal\\study-stats-frontend\\public\\window.svg"
2026-04-25T03:46:41.089847Z  INFO tailwindcss_oxide::scanner: Reading "C:\\Users\\yuyal\\study-stats-frontend\\app\\(public)\\auth\\signin\\page.tsx"
2026-04-25T03:46:41.089891Z  INFO tailwindcss_oxide::scanner: Reading "C:\\Users\\yuyal\\study-stats-frontend\\app\\(authenticated)\\dashboard\\weekly\\page.tsx"
2026-04-25T03:46:41.089914Z  INFO tailwindcss_oxide::scanner: Reading "C:\\Users\\yuyal\\study-stats-frontend\\app\\(authenticated)\\dashboard\\yesterday\\page.tsx"
2026-04-25T03:46:41.089982Z  INFO tailwindcss_oxide::scanner: Reading "C:\\Users\\yuyal\\study-stats-frontend\\README.md"
2026-04-25T03:46:41.090011Z  INFO tailwindcss_oxide::scanner: Reading "C:\\Users\\yuyal\\study-stats-frontend\\app\\layout.tsx"
2026-04-25T03:46:41.090187Z  INFO tailwindcss_oxide::scanner: Reading "C:\\Users\\yuyal\\study-stats-frontend\\app\\(public)\\contact\\page.tsx"
2026-04-25T03:46:41.090032Z  INFO tailwindcss_oxide::scanner: Reading "C:\\Users\\yuyal\\study-stats-frontend\\tsconfig.json"
2026-04-25T03:46:41.090369Z  INFO tailwindcss_oxide::scanner: Reading "C:\\Users\\yuyal\\study-stats-frontend\\eslint.config.mjs"
2026-04-25T03:46:41.090405Z  INFO tailwindcss_oxide::scanner: Reading "C:\\Users\\yuyal\\study-stats-frontend\\app\\(public)\\layout.tsx"
2026-04-25T03:46:41.090444Z  INFO tailwindcss_oxide::scanner: Reading "C:\\Users\\yuyal\\study-stats-frontend\\app\\(public)\\page.tsx"
2026-04-25T03:46:41.090098Z  INFO tailwindcss_oxide::scanner: Reading "C:\\Users\\yuyal\\study-stats-frontend\\app\\(public)\\auth\\signup\\page.tsx"
2026-04-25T03:46:41.090075Z  INFO tailwindcss_oxide::scanner: Reading "C:\\Users\\yuyal\\study-stats-frontend\\app\\(authenticated)\\layout.tsx"
2026-04-25T03:46:41.090455Z  INFO tailwindcss_oxide::scanner: Reading "C:\\Users\\yuyal\\study-stats-frontend\\app\\(public)\\contact\\layout.tsx"
2026-04-25T03:46:41.090636Z  INFO tailwindcss_oxide::scanner: Reading "C:\\Users\\yuyal\\study-stats-frontend\\next.config.ts"
2026-04-25T03:46:41.090929Z  INFO discover_sources: tailwindcss_oxide::scanner: exit
2026-04-25T03:46:41.090985Z  INFO extract_candidates: tailwindcss_oxide::scanner: enter
2026-04-25T03:46:41.090999Z  INFO extract_candidates:parse_all_blobs: tailwindcss_oxide::scanner: enter
2026-04-25T03:46:41.091034Z  INFO extract_candidates:parse_all_blobs:extract: tailwindcss_oxide::scanner: enter
2026-04-25T03:46:41.092669Z  INFO extract_candidates:parse_all_blobs:extract: tailwindcss_oxide::scanner: exit
2026-04-25T03:46:41.092742Z  INFO extract_candidates:parse_all_blobs: tailwindcss_oxide::scanner: exit
2026-04-25T03:46:41.092767Z  INFO extract_candidates:read_all_files: tailwindcss_oxide::scanner: enter
2026-04-25T03:46:41.092780Z  INFO extract_candidates:read_all_files: tailwindcss_oxide::scanner: Reading 1 file(s)
2026-04-25T03:46:41.093027Z  INFO extract_candidates:read_all_files: tailwindcss_oxide::scanner: Reading "C:\\Users\\yuyal\\study-stats-frontend\\app\\globals.css"
2026-04-25T03:46:41.093050Z  INFO extract_candidates:read_all_files: tailwindcss_oxide::scanner: exit
2026-04-25T03:46:41.093073Z  INFO extract_candidates:extract_css_variables: tailwindcss_oxide::scanner: enter
2026-04-25T03:46:41.093083Z  INFO extract_candidates:extract_css_variables:extract: tailwindcss_oxide::scanner: enter
2026-04-25T03:46:41.093293Z  INFO extract_candidates:extract_css_variables:extract: tailwindcss_oxide::scanner: exit
2026-04-25T03:46:41.093356Z  INFO extract_candidates:extract_css_variables: tailwindcss_oxide::scanner: exit
2026-04-25T03:46:41.093602Z  INFO extract_candidates: tailwindcss_oxide::scanner: exit
2026-04-25T03:46:41.094330Z  INFO get_files: tailwindcss_oxide::scanner: enter
2026-04-25T03:46:41.094389Z  INFO get_files:discover_sources: tailwindcss_oxide::scanner: enter
2026-04-25T03:46:41.094405Z  INFO get_files:discover_sources: tailwindcss_oxide::scanner: exit
2026-04-25T03:46:41.094838Z  INFO get_files: tailwindcss_oxide::scanner: exit
2026-04-25T03:46:41.095341Z  INFO get_globs: tailwindcss_oxide::scanner: enter
2026-04-25T03:46:41.095388Z  INFO get_globs:discover_sources: tailwindcss_oxide::scanner: enter
2026-04-25T03:46:41.095403Z  INFO get_globs:discover_sources: tailwindcss_oxide::scanner: exit
2026-04-25T03:46:41.111376Z  INFO get_globs: tailwindcss_oxide::scanner: exit
