2026-04-25T03:47:13.615218Z  INFO tailwindcss_oxide::scanner: Provided sources:
2026-04-25T03:47:13.615422Z  INFO tailwindcss_oxide::scanner: Source: PublicSourceEntry { base: "C:\\Users\\yuyal\\study-stats-frontend", pattern: "**/*", negated: false }
2026-04-25T03:47:13.615783Z  INFO tailwindcss_oxide::scanner: Optimized sources:
2026-04-25T03:47:13.615829Z  INFO tailwindcss_oxide::scanner: Source: Auto { base: "C:\\Users\\yuyal\\study-stats-frontend" }
2026-04-25T03:47:13.618919Z  INFO discover_sources: tailwindcss_oxide::scanner: enter
2026-04-25T03:47:13.619039Z  INFO discover_sources:walk_synchronous: tailwindcss_oxide::scanner: enter
2026-04-25T03:47:13.633765Z  INFO discover_sources:walk_synchronous: tailwindcss_oxide::scanner: exit
2026-04-25T03:47:13.635012Z  INFO tailwindcss_oxide::scanner: Reading "C:\\Users\\yuyal\\study-stats-frontend\\app\\(authenticated)\\dashboard\\layout.tsx"
2026-04-25T03:47:13.635024Z  INFO tailwindcss_oxide::scanner: Reading "C:\\Users\\yuyal\\study-stats-frontend\\app\\components\\footer.tsx"
2026-04-25T03:47:13.635203Z  INFO tailwindcss_oxide::scanner: Reading "C:\\Users\\yuyal\\study-stats-frontend\\app\\(authenticated)\\logs\\page.tsx"
2026-04-25T03:47:13.635288Z  INFO tailwindcss_oxide::scanner: Reading "C:\\Users\\yuyal\\study-stats-frontend\\app\\(authenticated)\\dashboard\\page.tsx"
2026-04-25T03:47:13.635475Z  INFO tailwindcss_oxide::scanner: Reading "C:\\Users\\yuyal\\study-stats-frontend\\app\\components\\header.tsx"
2026-04-25T03:47:13.635468Z  INFO tailwindcss_oxide::scanner: Reading "C:\\Users\\yuyal\\study-stats-frontend\\postcss.config.mjs"
2026-04-25T03:47:13.635533Z  INFO tailwindcss_oxide::scanner: Reading "C:\\Users\\yuyal\\study-stats-frontend\\app\\(authenticated)\\dashboard\\projects\\page.tsx"
2026-04-25T03:47:13.635664Z  INFO tailwindcss_oxide::scanner: Reading "C:\\Users\\yuyal\\study-stats-frontend\\app\\(authenticated)\\stats\\page.tsx"
2026-04-25T03:47:13.635732Z  INFO tailwindcss_oxide::scanner: Reading "C:\\Users\\yuyal\\study-stats-frontend\\app\\components\\menuDocs.tsx"
2026-04-25T03:47:13.635736Z  INFO tailwindcss_oxide::scanner: Reading "C:\\Users\\yuyal\\study-stats-frontend\\public\\file.svg"
2026-04-25T03:47:13.635776Z  INFO tailwindcss_oxide::scanner: Reading "C:\\Users\\yuyal\\study-stats-frontend\\app\\(authenticated)\\dashboard\\records\\page.tsx"
2026-04-25T03:47:13.635889Z  INFO tailwindcss_oxide::scanner: Reading "C:\\Users\\yuyal\\study-stats-frontend\\app\\components\\userHeader.tsx"
2026-04-25T03:47:13.635997Z  INFO tailwindcss_oxide::scanner: Reading "C:\\Users\\yuyal\\study-stats-frontend\\app\\components\\sideMenu.tsx"
2026-04-25T03:47:13.636044Z  INFO tailwindcss_oxide::scanner: Reading "C:\\Users\\yuyal\\study-stats-frontend\\public\\globe.svg"
2026-04-25T03:47:13.636101Z  INFO tailwindcss_oxide::scanner: Reading "C:\\Users\\yuyal\\study-stats-frontend\\eslint.config.mjs"
2026-04-25T03:47:13.636175Z  INFO tailwindcss_oxide::scanner: Reading "C:\\Users\\yuyal\\study-stats-frontend\\app\\(authenticated)\\dashboard\\today\\page.tsx"
2026-04-25T03:47:13.636230Z  INFO tailwindcss_oxide::scanner: Reading "C:\\Users\\yuyal\\study-stats-frontend\\app\\(authenticated)\\layout.tsx"
2026-04-25T03:47:13.636264Z  INFO tailwindcss_oxide::scanner: Reading "C:\\Users\\yuyal\\study-stats-frontend\\app\\layout.tsx"
2026-04-25T03:47:13.636263Z  INFO tailwindcss_oxide::scanner: Reading "C:\\Users\\yuyal\\study-stats-frontend\\app\\(authenticated)\\dashboard\\yesterday\\page.tsx"
2026-04-25T03:47:13.636342Z  INFO tailwindcss_oxide::scanner: Reading "C:\\Users\\yuyal\\study-stats-frontend\\next.config.ts"
2026-04-25T03:47:13.636357Z  INFO tailwindcss_oxide::scanner: Reading "C:\\Users\\yuyal\\study-stats-frontend\\public\\next.svg"
2026-04-25T03:47:13.636600Z  INFO tailwindcss_oxide::scanner: Reading "C:\\Users\\yuyal\\study-stats-frontend\\package.json"
2026-04-25T03:47:13.636933Z  INFO tailwindcss_oxide::scanner: Reading "C:\\Users\\yuyal\\study-stats-frontend\\app\\(public)\\contact\\page.tsx"
2026-04-25T03:47:13.636928Z  INFO tailwindcss_oxide::scanner: Reading "C:\\Users\\yuyal\\study-stats-frontend\\app\\(public)\\contact\\layout.tsx"
2026-04-25T03:47:13.637016Z  INFO tailwindcss_oxide::scanner: Reading "C:\\Users\\yuyal\\study-stats-frontend\\public\\vercel.svg"
2026-04-25T03:47:13.637248Z  INFO tailwindcss_oxide::scanner: Reading "C:\\Users\\yuyal\\study-stats-frontend\\app\\(public)\\layout.tsx"
2026-04-25T03:47:13.637304Z  INFO tailwindcss_oxide::scanner: Reading "C:\\Users\\yuyal\\study-stats-frontend\\app\\(public)\\about\\page.tsx"
2026-04-25T03:47:13.636530Z  INFO tailwindcss_oxide::scanner: Reading "C:\\Users\\yuyal\\study-stats-frontend\\app\\(authenticated)\\dashboard\\weekly\\page.tsx"
2026-04-25T03:47:13.637259Z  INFO tailwindcss_oxide::scanner: Reading "C:\\Users\\yuyal\\study-stats-frontend\\README.md"
2026-04-25T03:47:13.636468Z  INFO tailwindcss_oxide::scanner: Reading "C:\\Users\\yuyal\\study-stats-frontend\\app\\(public)\\auth\\signup\\page.tsx"
2026-04-25T03:47:13.637453Z  INFO tailwindcss_oxide::scanner: Reading "C:\\Users\\yuyal\\study-stats-frontend\\public\\window.svg"
2026-04-25T03:47:13.637534Z  INFO tailwindcss_oxide::scanner: Reading "C:\\Users\\yuyal\\study-stats-frontend\\tailwind.config.ts"
2026-04-25T03:47:13.637543Z  INFO tailwindcss_oxide::scanner: Reading "C:\\Users\\yuyal\\study-stats-frontend\\app\\(public)\\page.tsx"
2026-04-25T03:47:13.636458Z  INFO tailwindcss_oxide::scanner: Reading "C:\\Users\\yuyal\\study-stats-frontend\\app\\(public)\\auth\\signin\\page.tsx"
2026-04-25T03:47:13.637701Z  INFO tailwindcss_oxide::scanner: Reading "C:\\Users\\yuyal\\study-stats-frontend\\tsconfig.json"
2026-04-25T03:47:13.638204Z  INFO discover_sources: tailwindcss_oxide::scanner: exit
2026-04-25T03:47:13.638270Z  INFO extract_candidates: tailwindcss_oxide::scanner: enter
2026-04-25T03:47:13.638289Z  INFO extract_candidates:parse_all_blobs: tailwindcss_oxide::scanner: enter
2026-04-25T03:47:13.638309Z  INFO extract_candidates:parse_all_blobs:extract: tailwindcss_oxide::scanner: enter
2026-04-25T03:47:13.639813Z  INFO extract_candidates:parse_all_blobs:extract: tailwindcss_oxide::scanner: exit
2026-04-25T03:47:13.639889Z  INFO extract_candidates:parse_all_blobs: tailwindcss_oxide::scanner: exit
2026-04-25T03:47:13.639915Z  INFO extract_candidates:read_all_files: tailwindcss_oxide::scanner: enter
2026-04-25T03:47:13.639930Z  INFO extract_candidates:read_all_files: tailwindcss_oxide::scanner: Reading 1 file(s)
2026-04-25T03:47:13.640239Z  INFO extract_candidates:read_all_files: tailwindcss_oxide::scanner: Reading "C:\\Users\\yuyal\\study-stats-frontend\\app\\globals.css"
2026-04-25T03:47:13.640264Z  INFO extract_candidates:read_all_files: tailwindcss_oxide::scanner: exit
2026-04-25T03:47:13.640283Z  INFO extract_candidates:extract_css_variables: tailwindcss_oxide::scanner: enter
2026-04-25T03:47:13.640293Z  INFO extract_candidates:extract_css_variables:extract: tailwindcss_oxide::scanner: enter
2026-04-25T03:47:13.640591Z  INFO extract_candidates:extract_css_variables:extract: tailwindcss_oxide::scanner: exit
2026-04-25T03:47:13.640629Z  INFO extract_candidates:extract_css_variables: tailwindcss_oxide::scanner: exit
2026-04-25T03:47:13.640814Z  INFO extract_candidates: tailwindcss_oxide::scanner: exit
2026-04-25T03:47:13.641357Z  INFO get_files: tailwindcss_oxide::scanner: enter
2026-04-25T03:47:13.641377Z  INFO get_files:discover_sources: tailwindcss_oxide::scanner: enter
2026-04-25T03:47:13.641386Z  INFO get_files:discover_sources: tailwindcss_oxide::scanner: exit
2026-04-25T03:47:13.641811Z  INFO get_files: tailwindcss_oxide::scanner: exit
2026-04-25T03:47:13.642132Z  INFO get_globs: tailwindcss_oxide::scanner: enter
2026-04-25T03:47:13.642150Z  INFO get_globs:discover_sources: tailwindcss_oxide::scanner: enter
2026-04-25T03:47:13.642160Z  INFO get_globs:discover_sources: tailwindcss_oxide::scanner: exit
2026-04-25T03:47:13.655203Z  INFO get_globs: tailwindcss_oxide::scanner: exit
