2026-04-25T03:44:55.233324Z  INFO tailwindcss_oxide::scanner: Provided sources:
2026-04-25T03:44:55.233584Z  INFO tailwindcss_oxide::scanner: Source: PublicSourceEntry { base: "C:\\Users\\yuyal\\study-stats-frontend", pattern: "**/*", negated: false }
2026-04-25T03:44:55.234115Z  INFO tailwindcss_oxide::scanner: Optimized sources:
2026-04-25T03:44:55.234181Z  INFO tailwindcss_oxide::scanner: Source: Auto { base: "C:\\Users\\yuyal\\study-stats-frontend" }
2026-04-25T03:44:55.238929Z  INFO discover_sources: tailwindcss_oxide::scanner: enter
2026-04-25T03:44:55.239087Z  INFO discover_sources:walk_synchronous: tailwindcss_oxide::scanner: enter
2026-04-25T03:44:55.266827Z  INFO discover_sources:walk_synchronous: tailwindcss_oxide::scanner: exit
2026-04-25T03:44:55.268144Z  INFO tailwindcss_oxide::scanner: Reading "C:\\Users\\yuyal\\study-stats-frontend\\app\\(authenticated)\\logs\\page.tsx"
2026-04-25T03:44:55.268161Z  INFO tailwindcss_oxide::scanner: Reading "C:\\Users\\yuyal\\study-stats-frontend\\app\\components\\footer.tsx"
2026-04-25T03:44:55.268157Z  INFO tailwindcss_oxide::scanner: Reading "C:\\Users\\yuyal\\study-stats-frontend\\app\\(authenticated)\\dashboard\\layout.tsx"
2026-04-25T03:44:55.268179Z  INFO tailwindcss_oxide::scanner: Reading "C:\\Users\\yuyal\\study-stats-frontend\\app\\(authenticated)\\dashboard\\today\\page.tsx"
2026-04-25T03:44:55.268446Z  INFO tailwindcss_oxide::scanner: Reading "C:\\Users\\yuyal\\study-stats-frontend\\app\\(authenticated)\\stats\\page.tsx"
2026-04-25T03:44:55.268545Z  INFO tailwindcss_oxide::scanner: Reading "C:\\Users\\yuyal\\study-stats-frontend\\app\\(authenticated)\\dashboard\\page.tsx"
2026-04-25T03:44:55.268532Z  INFO tailwindcss_oxide::scanner: Reading "C:\\Users\\yuyal\\study-stats-frontend\\app\\(authenticated)\\dashboard\\projects\\page.tsx"
2026-04-25T03:44:55.268578Z  INFO tailwindcss_oxide::scanner: Reading "C:\\Users\\yuyal\\study-stats-frontend\\app\\components\\header.tsx"
2026-04-25T03:44:55.268649Z  INFO tailwindcss_oxide::scanner: Reading "C:\\Users\\yuyal\\study-stats-frontend\\app\\(authenticated)\\dashboard\\weekly\\page.tsx"
2026-04-25T03:44:55.268696Z  INFO tailwindcss_oxide::scanner: Reading "C:\\Users\\yuyal\\study-stats-frontend\\app\\(public)\\about\\page.tsx"
2026-04-25T03:44:55.268796Z  INFO tailwindcss_oxide::scanner: Reading "C:\\Users\\yuyal\\study-stats-frontend\\package.json"
2026-04-25T03:44:55.268805Z  INFO tailwindcss_oxide::scanner: Reading "C:\\Users\\yuyal\\study-stats-frontend\\app\\(authenticated)\\dashboard\\records\\page.tsx"
2026-04-25T03:44:55.268861Z  INFO tailwindcss_oxide::scanner: Reading "C:\\Users\\yuyal\\study-stats-frontend\\app\\(authenticated)\\dashboard\\yesterday\\page.tsx"
2026-04-25T03:44:55.268873Z  INFO tailwindcss_oxide::scanner: Reading "C:\\Users\\yuyal\\study-stats-frontend\\app\\components\\menuDocs.tsx"
2026-04-25T03:44:55.268882Z  INFO tailwindcss_oxide::scanner: Reading "C:\\Users\\yuyal\\study-stats-frontend\\app\\(public)\\auth\\signin\\page.tsx"
2026-04-25T03:44:55.269066Z  INFO tailwindcss_oxide::scanner: Reading "C:\\Users\\yuyal\\study-stats-frontend\\postcss.config.mjs"
2026-04-25T03:44:55.269094Z  INFO tailwindcss_oxide::scanner: Reading "C:\\Users\\yuyal\\study-stats-frontend\\app\\components\\userHeader.tsx"
2026-04-25T03:44:55.269104Z  INFO tailwindcss_oxide::scanner: Reading "C:\\Users\\yuyal\\study-stats-frontend\\app\\(authenticated)\\layout.tsx"
2026-04-25T03:44:55.269157Z  INFO tailwindcss_oxide::scanner: Reading "C:\\Users\\yuyal\\study-stats-frontend\\app\\(public)\\auth\\signup\\page.tsx"
2026-04-25T03:44:55.269261Z  INFO tailwindcss_oxide::scanner: Reading "C:\\Users\\yuyal\\study-stats-frontend\\public\\file.svg"
2026-04-25T03:44:55.269304Z  INFO tailwindcss_oxide::scanner: Reading "C:\\Users\\yuyal\\study-stats-frontend\\app\\layout.tsx"
2026-04-25T03:44:55.269106Z  INFO tailwindcss_oxide::scanner: Reading "C:\\Users\\yuyal\\study-stats-frontend\\app\\components\\sideMenu.tsx"
2026-04-25T03:44:55.269353Z  INFO tailwindcss_oxide::scanner: Reading "C:\\Users\\yuyal\\study-stats-frontend\\app\\(public)\\contact\\layout.tsx"
2026-04-25T03:44:55.269367Z  INFO tailwindcss_oxide::scanner: Reading "C:\\Users\\yuyal\\study-stats-frontend\\app\\(public)\\contact\\page.tsx"
2026-04-25T03:44:55.269559Z  INFO tailwindcss_oxide::scanner: Reading "C:\\Users\\yuyal\\study-stats-frontend\\build_output.txt"
2026-04-25T03:44:55.269619Z  INFO tailwindcss_oxide::scanner: Reading "C:\\Users\\yuyal\\study-stats-frontend\\app\\(public)\\layout.tsx"
2026-04-25T03:44:55.269774Z  INFO tailwindcss_oxide::scanner: Reading "C:\\Users\\yuyal\\study-stats-frontend\\app\\(public)\\page.tsx"
2026-04-25T03:44:55.269829Z  INFO tailwindcss_oxide::scanner: Reading "C:\\Users\\yuyal\\study-stats-frontend\\eslint.config.mjs"
2026-04-25T03:44:55.269864Z  INFO tailwindcss_oxide::scanner: Reading "C:\\Users\\yuyal\\study-stats-frontend\\public\\window.svg"
2026-04-25T03:44:55.269978Z  INFO tailwindcss_oxide::scanner: Reading "C:\\Users\\yuyal\\study-stats-frontend\\README.md"
2026-04-25T03:44:55.270000Z  INFO tailwindcss_oxide::scanner: Reading "C:\\Users\\yuyal\\study-stats-frontend\\next.config.ts"
2026-04-25T03:44:55.270085Z  INFO tailwindcss_oxide::scanner: Reading "C:\\Users\\yuyal\\study-stats-frontend\\public\\vercel.svg"
2026-04-25T03:44:55.270099Z  INFO tailwindcss_oxide::scanner: Reading "C:\\Users\\yuyal\\study-stats-frontend\\tsconfig.json"
2026-04-25T03:44:55.269430Z  INFO tailwindcss_oxide::scanner: Reading "C:\\Users\\yuyal\\study-stats-frontend\\public\\globe.svg"
2026-04-25T03:44:55.270494Z  INFO tailwindcss_oxide::scanner: Reading "C:\\Users\\yuyal\\study-stats-frontend\\public\\next.svg"
2026-04-25T03:44:55.270727Z  INFO discover_sources: tailwindcss_oxide::scanner: exit
2026-04-25T03:44:55.270788Z  INFO extract_candidates: tailwindcss_oxide::scanner: enter
2026-04-25T03:44:55.270804Z  INFO extract_candidates:parse_all_blobs: tailwindcss_oxide::scanner: enter
2026-04-25T03:44:55.270824Z  INFO extract_candidates:parse_all_blobs:extract: tailwindcss_oxide::scanner: enter
2026-04-25T03:44:55.271960Z  INFO extract_candidates:parse_all_blobs:extract: tailwindcss_oxide::scanner: exit
2026-04-25T03:44:55.272021Z  INFO extract_candidates:parse_all_blobs: tailwindcss_oxide::scanner: exit
2026-04-25T03:44:55.272037Z  INFO extract_candidates:read_all_files: tailwindcss_oxide::scanner: enter
2026-04-25T03:44:55.272046Z  INFO extract_candidates:read_all_files: tailwindcss_oxide::scanner: Reading 1 file(s)
2026-04-25T03:44:55.272309Z  INFO extract_candidates:read_all_files: tailwindcss_oxide::scanner: Reading "C:\\Users\\yuyal\\study-stats-frontend\\app\\globals.css"
2026-04-25T03:44:55.272330Z  INFO extract_candidates:read_all_files: tailwindcss_oxide::scanner: exit
2026-04-25T03:44:55.272347Z  INFO extract_candidates:extract_css_variables: tailwindcss_oxide::scanner: enter
2026-04-25T03:44:55.272356Z  INFO extract_candidates:extract_css_variables:extract: tailwindcss_oxide::scanner: enter
2026-04-25T03:44:55.272574Z  INFO extract_candidates:extract_css_variables:extract: tailwindcss_oxide::scanner: exit
2026-04-25T03:44:55.272636Z  INFO extract_candidates:extract_css_variables: tailwindcss_oxide::scanner: exit
2026-04-25T03:44:55.272872Z  INFO extract_candidates: tailwindcss_oxide::scanner: exit
2026-04-25T03:44:55.273766Z  INFO get_files: tailwindcss_oxide::scanner: enter
2026-04-25T03:44:55.273809Z  INFO get_files:discover_sources: tailwindcss_oxide::scanner: enter
2026-04-25T03:44:55.273820Z  INFO get_files:discover_sources: tailwindcss_oxide::scanner: exit
2026-04-25T03:44:55.274102Z  INFO get_files: tailwindcss_oxide::scanner: exit
2026-04-25T03:44:55.275080Z  INFO get_globs: tailwindcss_oxide::scanner: enter
2026-04-25T03:44:55.275126Z  INFO get_globs:discover_sources: tailwindcss_oxide::scanner: enter
2026-04-25T03:44:55.275138Z  INFO get_globs:discover_sources: tailwindcss_oxide::scanner: exit
2026-04-25T03:44:55.288488Z  INFO get_globs: tailwindcss_oxide::scanner: exit
