2026-04-25T03:46:05.705846Z  INFO tailwindcss_oxide::scanner: Provided sources:
2026-04-25T03:46:05.706160Z  INFO tailwindcss_oxide::scanner: Source: PublicSourceEntry { base: "C:\\Users\\yuyal\\study-stats-frontend", pattern: "**/*", negated: false }
2026-04-25T03:46:05.706606Z  INFO tailwindcss_oxide::scanner: Optimized sources:
2026-04-25T03:46:05.706669Z  INFO tailwindcss_oxide::scanner: Source: Auto { base: "C:\\Users\\yuyal\\study-stats-frontend" }
2026-04-25T03:46:05.710551Z  INFO discover_sources: tailwindcss_oxide::scanner: enter
2026-04-25T03:46:05.710669Z  INFO discover_sources:walk_synchronous: tailwindcss_oxide::scanner: enter
2026-04-25T03:46:05.729021Z  INFO discover_sources:walk_synchronous: tailwindcss_oxide::scanner: exit
2026-04-25T03:46:05.730880Z  INFO tailwindcss_oxide::scanner: Reading "C:\\Users\\yuyal\\study-stats-frontend\\app\\(authenticated)\\dashboard\\layout.tsx"
2026-04-25T03:46:05.730907Z  INFO tailwindcss_oxide::scanner: Reading "C:\\Users\\yuyal\\study-stats-frontend\\package.json"
2026-04-25T03:46:05.730922Z  INFO tailwindcss_oxide::scanner: Reading "C:\\Users\\yuyal\\study-stats-frontend\\app\\components\\userHeader.tsx"
2026-04-25T03:46:05.730909Z  INFO tailwindcss_oxide::scanner: Reading "C:\\Users\\yuyal\\study-stats-frontend\\app\\components\\footer.tsx"
2026-04-25T03:46:05.730903Z  INFO tailwindcss_oxide::scanner: Reading "C:\\Users\\yuyal\\study-stats-frontend\\app\\components\\menuDocs.tsx"
2026-04-25T03:46:05.731223Z  INFO tailwindcss_oxide::scanner: Reading "C:\\Users\\yuyal\\study-stats-frontend\\app\\(authenticated)\\dashboard\\page.tsx"
2026-04-25T03:46:05.730891Z  INFO tailwindcss_oxide::scanner: Reading "C:\\Users\\yuyal\\study-stats-frontend\\app\\(authenticated)\\logs\\page.tsx"
2026-04-25T03:46:05.731284Z  INFO tailwindcss_oxide::scanner: Reading "C:\\Users\\yuyal\\study-stats-frontend\\app\\(public)\\auth\\signup\\page.tsx"
2026-04-25T03:46:05.731307Z  INFO tailwindcss_oxide::scanner: Reading "C:\\Users\\yuyal\\study-stats-frontend\\app\\layout.tsx"
2026-04-25T03:46:05.731335Z  INFO tailwindcss_oxide::scanner: Reading "C:\\Users\\yuyal\\study-stats-frontend\\app\\components\\header.tsx"
2026-04-25T03:46:05.731438Z  INFO tailwindcss_oxide::scanner: Reading "C:\\Users\\yuyal\\study-stats-frontend\\app\\components\\sideMenu.tsx"
2026-04-25T03:46:05.731249Z  INFO tailwindcss_oxide::scanner: Reading "C:\\Users\\yuyal\\study-stats-frontend\\postcss.config.mjs"
2026-04-25T03:46:05.731537Z  INFO tailwindcss_oxide::scanner: Reading "C:\\Users\\yuyal\\study-stats-frontend\\app\\(public)\\contact\\layout.tsx"
2026-04-25T03:46:05.731563Z  INFO tailwindcss_oxide::scanner: Reading "C:\\Users\\yuyal\\study-stats-frontend\\eslint.config.mjs"
2026-04-25T03:46:05.731548Z  INFO tailwindcss_oxide::scanner: Reading "C:\\Users\\yuyal\\study-stats-frontend\\app\\(authenticated)\\stats\\page.tsx"
2026-04-25T03:46:05.731710Z  INFO tailwindcss_oxide::scanner: Reading "C:\\Users\\yuyal\\study-stats-frontend\\public\\file.svg"
2026-04-25T03:46:05.731718Z  INFO tailwindcss_oxide::scanner: Reading "C:\\Users\\yuyal\\study-stats-frontend\\app\\(public)\\layout.tsx"
2026-04-25T03:46:05.731708Z  INFO tailwindcss_oxide::scanner: Reading "C:\\Users\\yuyal\\study-stats-frontend\\app\\(authenticated)\\dashboard\\today\\page.tsx"
2026-04-25T03:46:05.731472Z  INFO tailwindcss_oxide::scanner: Reading "C:\\Users\\yuyal\\study-stats-frontend\\app\\(authenticated)\\dashboard\\projects\\page.tsx"
2026-04-25T03:46:05.731438Z  INFO tailwindcss_oxide::scanner: Reading "C:\\Users\\yuyal\\study-stats-frontend\\app\\(public)\\contact\\page.tsx"
2026-04-25T03:46:05.732081Z  INFO tailwindcss_oxide::scanner: Reading "C:\\Users\\yuyal\\study-stats-frontend\\next.config.ts"
2026-04-25T03:46:05.732162Z  INFO tailwindcss_oxide::scanner: Reading "C:\\Users\\yuyal\\study-stats-frontend\\app\\(authenticated)\\dashboard\\yesterday\\page.tsx"
2026-04-25T03:46:05.732207Z  INFO tailwindcss_oxide::scanner: Reading "C:\\Users\\yuyal\\study-stats-frontend\\app\\(authenticated)\\layout.tsx"
2026-04-25T03:46:05.731778Z  INFO tailwindcss_oxide::scanner: Reading "C:\\Users\\yuyal\\study-stats-frontend\\app\\(authenticated)\\dashboard\\records\\page.tsx"
2026-04-25T03:46:05.732188Z  INFO tailwindcss_oxide::scanner: Reading "C:\\Users\\yuyal\\study-stats-frontend\\app\\(public)\\page.tsx"
2026-04-25T03:46:05.732096Z  INFO tailwindcss_oxide::scanner: Reading "C:\\Users\\yuyal\\study-stats-frontend\\app\\(authenticated)\\dashboard\\weekly\\page.tsx"
2026-04-25T03:46:05.732534Z  INFO tailwindcss_oxide::scanner: Reading "C:\\Users\\yuyal\\study-stats-frontend\\README.md"
2026-04-25T03:46:05.732543Z  INFO tailwindcss_oxide::scanner: Reading "C:\\Users\\yuyal\\study-stats-frontend\\public\\window.svg"
2026-04-25T03:46:05.732651Z  INFO tailwindcss_oxide::scanner: Reading "C:\\Users\\yuyal\\study-stats-frontend\\tsconfig.json"
2026-04-25T03:46:05.732358Z  INFO tailwindcss_oxide::scanner: Reading "C:\\Users\\yuyal\\study-stats-frontend\\app\\(public)\\auth\\signin\\page.tsx"
2026-04-25T03:46:05.732743Z  INFO tailwindcss_oxide::scanner: Reading "C:\\Users\\yuyal\\study-stats-frontend\\public\\vercel.svg"
2026-04-25T03:46:05.732225Z  INFO tailwindcss_oxide::scanner: Reading "C:\\Users\\yuyal\\study-stats-frontend\\public\\globe.svg"
2026-04-25T03:46:05.732451Z  INFO tailwindcss_oxide::scanner: Reading "C:\\Users\\yuyal\\study-stats-frontend\\public\\next.svg"
2026-04-25T03:46:05.733275Z  INFO tailwindcss_oxide::scanner: Reading "C:\\Users\\yuyal\\study-stats-frontend\\app\\(public)\\about\\page.tsx"
2026-04-25T03:46:05.733371Z  INFO discover_sources: tailwindcss_oxide::scanner: exit
2026-04-25T03:46:05.733422Z  INFO extract_candidates: tailwindcss_oxide::scanner: enter
2026-04-25T03:46:05.733438Z  INFO extract_candidates:parse_all_blobs: tailwindcss_oxide::scanner: enter
2026-04-25T03:46:05.733456Z  INFO extract_candidates:parse_all_blobs:extract: tailwindcss_oxide::scanner: enter
2026-04-25T03:46:05.734599Z  INFO extract_candidates:parse_all_blobs:extract: tailwindcss_oxide::scanner: exit
2026-04-25T03:46:05.734688Z  INFO extract_candidates:parse_all_blobs: tailwindcss_oxide::scanner: exit
2026-04-25T03:46:05.734710Z  INFO extract_candidates:read_all_files: tailwindcss_oxide::scanner: enter
2026-04-25T03:46:05.734723Z  INFO extract_candidates:read_all_files: tailwindcss_oxide::scanner: Reading 1 file(s)
2026-04-25T03:46:05.735083Z  INFO extract_candidates:read_all_files: tailwindcss_oxide::scanner: Reading "C:\\Users\\yuyal\\study-stats-frontend\\app\\globals.css"
2026-04-25T03:46:05.735126Z  INFO extract_candidates:read_all_files: tailwindcss_oxide::scanner: exit
2026-04-25T03:46:05.735159Z  INFO extract_candidates:extract_css_variables: tailwindcss_oxide::scanner: enter
2026-04-25T03:46:05.735174Z  INFO extract_candidates:extract_css_variables:extract: tailwindcss_oxide::scanner: enter
2026-04-25T03:46:05.735413Z  INFO extract_candidates:extract_css_variables:extract: tailwindcss_oxide::scanner: exit
2026-04-25T03:46:05.735448Z  INFO extract_candidates:extract_css_variables: tailwindcss_oxide::scanner: exit
2026-04-25T03:46:05.735697Z  INFO extract_candidates: tailwindcss_oxide::scanner: exit
2026-04-25T03:46:05.736565Z  INFO get_files: tailwindcss_oxide::scanner: enter
2026-04-25T03:46:05.736626Z  INFO get_files:discover_sources: tailwindcss_oxide::scanner: enter
2026-04-25T03:46:05.736640Z  INFO get_files:discover_sources: tailwindcss_oxide::scanner: exit
2026-04-25T03:46:05.737030Z  INFO get_files: tailwindcss_oxide::scanner: exit
2026-04-25T03:46:05.737836Z  INFO get_globs: tailwindcss_oxide::scanner: enter
2026-04-25T03:46:05.737879Z  INFO get_globs:discover_sources: tailwindcss_oxide::scanner: enter
2026-04-25T03:46:05.737889Z  INFO get_globs:discover_sources: tailwindcss_oxide::scanner: exit
2026-04-25T03:46:05.748920Z  INFO get_globs: tailwindcss_oxide::scanner: exit
