2026-04-25T03:45:22.859975Z  INFO tailwindcss_oxide::scanner: Provided sources:
2026-04-25T03:45:22.860289Z  INFO tailwindcss_oxide::scanner: Source: PublicSourceEntry { base: "C:\\Users\\yuyal\\study-stats-frontend", pattern: "**/*", negated: false }
2026-04-25T03:45:22.860956Z  INFO tailwindcss_oxide::scanner: Optimized sources:
2026-04-25T03:45:22.861037Z  INFO tailwindcss_oxide::scanner: Source: Auto { base: "C:\\Users\\yuyal\\study-stats-frontend" }
2026-04-25T03:45:22.867561Z  INFO discover_sources: tailwindcss_oxide::scanner: enter
2026-04-25T03:45:22.867715Z  INFO discover_sources:walk_synchronous: tailwindcss_oxide::scanner: enter
2026-04-25T03:45:22.901524Z  INFO discover_sources:walk_synchronous: tailwindcss_oxide::scanner: exit
2026-04-25T03:45:22.902872Z  INFO tailwindcss_oxide::scanner: Reading "C:\\Users\\yuyal\\study-stats-frontend\\app\\components\\footer.tsx"
2026-04-25T03:45:22.902884Z  INFO tailwindcss_oxide::scanner: Reading "C:\\Users\\yuyal\\study-stats-frontend\\app\\(authenticated)\\dashboard\\layout.tsx"
2026-04-25T03:45:22.903148Z  INFO tailwindcss_oxide::scanner: Reading "C:\\Users\\yuyal\\study-stats-frontend\\package.json"
2026-04-25T03:45:22.903255Z  INFO tailwindcss_oxide::scanner: Reading "C:\\Users\\yuyal\\study-stats-frontend\\app\\(authenticated)\\dashboard\\page.tsx"
2026-04-25T03:45:22.903272Z  INFO tailwindcss_oxide::scanner: Reading "C:\\Users\\yuyal\\study-stats-frontend\\app\\components\\userHeader.tsx"
2026-04-25T03:45:22.903082Z  INFO tailwindcss_oxide::scanner: Reading "C:\\Users\\yuyal\\study-stats-frontend\\app\\(authenticated)\\logs\\page.tsx"
2026-04-25T03:45:22.903404Z  INFO tailwindcss_oxide::scanner: Reading "C:\\Users\\yuyal\\study-stats-frontend\\postcss.config.mjs"
2026-04-25T03:45:22.903256Z  INFO tailwindcss_oxide::scanner: Reading "C:\\Users\\yuyal\\study-stats-frontend\\app\\components\\header.tsx"
2026-04-25T03:45:22.903543Z  INFO tailwindcss_oxide::scanner: Reading "C:\\Users\\yuyal\\study-stats-frontend\\app\\(authenticated)\\dashboard\\projects\\page.tsx"
2026-04-25T03:45:22.903555Z  INFO tailwindcss_oxide::scanner: Reading "C:\\Users\\yuyal\\study-stats-frontend\\app\\layout.tsx"
2026-04-25T03:45:22.903623Z  INFO tailwindcss_oxide::scanner: Reading "C:\\Users\\yuyal\\study-stats-frontend\\app\\(authenticated)\\dashboard\\today\\page.tsx"
2026-04-25T03:45:22.903669Z  INFO tailwindcss_oxide::scanner: Reading "C:\\Users\\yuyal\\study-stats-frontend\\app\\(authenticated)\\stats\\page.tsx"
2026-04-25T03:45:22.903694Z  INFO tailwindcss_oxide::scanner: Reading "C:\\Users\\yuyal\\study-stats-frontend\\app\\components\\menuDocs.tsx"
2026-04-25T03:45:22.903703Z  INFO tailwindcss_oxide::scanner: Reading "C:\\Users\\yuyal\\study-stats-frontend\\public\\next.svg"
2026-04-25T03:45:22.903820Z  INFO tailwindcss_oxide::scanner: Reading "C:\\Users\\yuyal\\study-stats-frontend\\eslint.config.mjs"
2026-04-25T03:45:22.903651Z  INFO tailwindcss_oxide::scanner: Reading "C:\\Users\\yuyal\\study-stats-frontend\\public\\file.svg"
2026-04-25T03:45:22.903864Z  INFO tailwindcss_oxide::scanner: Reading "C:\\Users\\yuyal\\study-stats-frontend\\app\\(public)\\about\\page.tsx"
2026-04-25T03:45:22.903945Z  INFO tailwindcss_oxide::scanner: Reading "C:\\Users\\yuyal\\study-stats-frontend\\app\\components\\sideMenu.tsx"
2026-04-25T03:45:22.903826Z  INFO tailwindcss_oxide::scanner: Reading "C:\\Users\\yuyal\\study-stats-frontend\\app\\(authenticated)\\dashboard\\records\\page.tsx"
2026-04-25T03:45:22.904026Z  INFO tailwindcss_oxide::scanner: Reading "C:\\Users\\yuyal\\study-stats-frontend\\public\\vercel.svg"
2026-04-25T03:45:22.903947Z  INFO tailwindcss_oxide::scanner: Reading "C:\\Users\\yuyal\\study-stats-frontend\\app\\(authenticated)\\dashboard\\weekly\\page.tsx"
2026-04-25T03:45:22.904084Z  INFO tailwindcss_oxide::scanner: Reading "C:\\Users\\yuyal\\study-stats-frontend\\next.config.ts"
2026-04-25T03:45:22.904148Z  INFO tailwindcss_oxide::scanner: Reading "C:\\Users\\yuyal\\study-stats-frontend\\public\\globe.svg"
2026-04-25T03:45:22.904165Z  INFO tailwindcss_oxide::scanner: Reading "C:\\Users\\yuyal\\study-stats-frontend\\app\\(public)\\auth\\signin\\page.tsx"
2026-04-25T03:45:22.904364Z  INFO tailwindcss_oxide::scanner: Reading "C:\\Users\\yuyal\\study-stats-frontend\\public\\window.svg"
2026-04-25T03:45:22.904239Z  INFO tailwindcss_oxide::scanner: Reading "C:\\Users\\yuyal\\study-stats-frontend\\app\\(authenticated)\\dashboard\\yesterday\\page.tsx"
2026-04-25T03:45:22.904445Z  INFO tailwindcss_oxide::scanner: Reading "C:\\Users\\yuyal\\study-stats-frontend\\README.md"
2026-04-25T03:45:22.904510Z  INFO tailwindcss_oxide::scanner: Reading "C:\\Users\\yuyal\\study-stats-frontend\\app\\(authenticated)\\layout.tsx"
2026-04-25T03:45:22.904221Z  INFO tailwindcss_oxide::scanner: Reading "C:\\Users\\yuyal\\study-stats-frontend\\app\\(public)\\auth\\signup\\page.tsx"
2026-04-25T03:45:22.904355Z  INFO tailwindcss_oxide::scanner: Reading "C:\\Users\\yuyal\\study-stats-frontend\\app\\(public)\\contact\\page.tsx"
2026-04-25T03:45:22.904657Z  INFO tailwindcss_oxide::scanner: Reading "C:\\Users\\yuyal\\study-stats-frontend\\tsconfig.json"
2026-04-25T03:45:22.904741Z  INFO tailwindcss_oxide::scanner: Reading "C:\\Users\\yuyal\\study-stats-frontend\\app\\(public)\\layout.tsx"
2026-04-25T03:45:22.904821Z  INFO tailwindcss_oxide::scanner: Reading "C:\\Users\\yuyal\\study-stats-frontend\\app\\(public)\\page.tsx"
2026-04-25T03:45:22.904655Z  INFO tailwindcss_oxide::scanner: Reading "C:\\Users\\yuyal\\study-stats-frontend\\app\\(public)\\contact\\layout.tsx"
2026-04-25T03:45:22.905058Z  INFO discover_sources: tailwindcss_oxide::scanner: exit
2026-04-25T03:45:22.905105Z  INFO extract_candidates: tailwindcss_oxide::scanner: enter
2026-04-25T03:45:22.905121Z  INFO extract_candidates:parse_all_blobs: tailwindcss_oxide::scanner: enter
2026-04-25T03:45:22.905141Z  INFO extract_candidates:parse_all_blobs:extract: tailwindcss_oxide::scanner: enter
2026-04-25T03:45:22.906585Z  INFO extract_candidates:parse_all_blobs:extract: tailwindcss_oxide::scanner: exit
2026-04-25T03:45:22.906652Z  INFO extract_candidates:parse_all_blobs: tailwindcss_oxide::scanner: exit
2026-04-25T03:45:22.906670Z  INFO extract_candidates:read_all_files: tailwindcss_oxide::scanner: enter
2026-04-25T03:45:22.906679Z  INFO extract_candidates:read_all_files: tailwindcss_oxide::scanner: Reading 1 file(s)
2026-04-25T03:45:22.906894Z  INFO extract_candidates:read_all_files: tailwindcss_oxide::scanner: Reading "C:\\Users\\yuyal\\study-stats-frontend\\app\\globals.css"
2026-04-25T03:45:22.906916Z  INFO extract_candidates:read_all_files: tailwindcss_oxide::scanner: exit
2026-04-25T03:45:22.906937Z  INFO extract_candidates:extract_css_variables: tailwindcss_oxide::scanner: enter
2026-04-25T03:45:22.906947Z  INFO extract_candidates:extract_css_variables:extract: tailwindcss_oxide::scanner: enter
2026-04-25T03:45:22.907218Z  INFO extract_candidates:extract_css_variables:extract: tailwindcss_oxide::scanner: exit
2026-04-25T03:45:22.907263Z  INFO extract_candidates:extract_css_variables: tailwindcss_oxide::scanner: exit
2026-04-25T03:45:22.907501Z  INFO extract_candidates: tailwindcss_oxide::scanner: exit
2026-04-25T03:45:22.908267Z  INFO get_files: tailwindcss_oxide::scanner: enter
2026-04-25T03:45:22.908309Z  INFO get_files:discover_sources: tailwindcss_oxide::scanner: enter
2026-04-25T03:45:22.908324Z  INFO get_files:discover_sources: tailwindcss_oxide::scanner: exit
2026-04-25T03:45:22.908604Z  INFO get_files: tailwindcss_oxide::scanner: exit
2026-04-25T03:45:22.909297Z  INFO get_globs: tailwindcss_oxide::scanner: enter
2026-04-25T03:45:22.909330Z  INFO get_globs:discover_sources: tailwindcss_oxide::scanner: enter
2026-04-25T03:45:22.909340Z  INFO get_globs:discover_sources: tailwindcss_oxide::scanner: exit
2026-04-25T03:45:22.924011Z  INFO get_globs: tailwindcss_oxide::scanner: exit
